<?xml version="1.0" encoding="UTF-8"?>
<testsuites name="XLCOnlineApproval Positivecase" time="38.072" tests="3" failures="0" errors="1">
   <testsuite name="XLCOnlineApproval Positivecase" tests="3" failures="0" errors="1" time="38.072" skipped="0" timestamp="2024-06-15 22:20:13" hostname="LENOVO - DESKTOP-PAESQ7A" id="Test Suites/XLCOnlineApproval Positivecase">
      <properties>
         <property name="deviceName" value=""/>
         <property name="devicePlatform" value=""/>
         <property name="logFolder" value="E:\\- FILE ELVIA\\Katalon\\PROJECT\\NewGenprio\\Reports\\20240615_222000\\XLCOnlineApproval Positivecase\\20240615_222000"/>
         <property name="logFiles" value="E:\\- FILE ELVIA\\Katalon\\PROJECT\\NewGenprio\\Reports\\20240615_222000\\XLCOnlineApproval Positivecase\\20240615_222000\\execution0.log"/>
         <property name="attachments" value="E:\\- FILE ELVIA\\Katalon\\PROJECT\\NewGenprio\\Reports\\20240615_222000\\XLCOnlineApproval Positivecase\\20240615_222000\\1718464833498.png, E:\\- FILE ELVIA\\Katalon\\PROJECT\\NewGenprio\\Reports\\20240615_222000\\XLCOnlineApproval Positivecase\\20240615_222000\\1718464838636.png"/>
         <property name="hostName" value="LENOVO - DESKTOP-PAESQ7A"/>
         <property name="os" value="Windows 10 64bit"/>
         <property name="katalonVersion" value="8.6.6.208"/>
         <property name="browser" value="Chrome 125.0.0.0"/>
         <property name="hostAddress" value="192.168.0.107"/>
         <property name="sessionId" value="923fc027e57e1cc96bc000c6f6456b28"/>
         <property name="seleniumVersion" value="3.141.59"/>
         <property name="proxyInformation" value="ProxyInformation { proxyOption=NO_PROXY, proxyServerType=HTTP, username=, password=********, proxyServerAddress=, proxyServerPort=0, executionList=&quot;&quot;, isApplyToDesiredCapabilities=true }"/>
         <property name="platform" value="Windows 10"/>
      </properties>
      <testcase name="Test Cases/MAIN/WebSupport/XLCApproval Searching" time="4.828" classname="Test Cases/MAIN/WebSupport/XLCApproval Searching" status="PASSED">
         <system-out><![CDATA[2024-06-15 22:20:29 - [TEST_CASE][PASSED] - Test Cases/MAIN/WebSupport/XLCApproval Searching: Test Cases/MAIN/WebSupport/XLCApproval Searching

2024-06-15 22:20:29 - [TEST_STEP][PASSED] - click(findTestObject("Comet/mainMenu", ["txt":"Customer Support"])): Object: 'Object Repository/Comet/mainMenu' is clicked on

2024-06-15 22:20:30 - [MESSAGE][PASSED] - Object: 'Object Repository/Comet/mainMenu' is clicked on

2024-06-15 22:20:30 - [TEST_STEP][PASSED] - click(findTestObject("Comet/mainMenu child", ["txtMenu":"Center Approval"])): Object: 'Object Repository/Comet/mainMenu child' is clicked on

2024-06-15 22:20:30 - [MESSAGE][PASSED] - Object: 'Object Repository/Comet/mainMenu child' is clicked on

2024-06-15 22:20:30 - [TEST_STEP][PASSED] - click(findTestObject("Comet/p-dropdown fcn", ["ddName":"serviceType"])): Object: 'Object Repository/Comet/p-dropdown fcn' is clicked on

2024-06-15 22:20:31 - [MESSAGE][PASSED] - Object: 'Object Repository/Comet/p-dropdown fcn' is clicked on

2024-06-15 22:20:31 - [TEST_STEP][PASSED] - OtherKeyword.selectObjectBasedOnIndex(findTestObject("Comet/p-dropdownitem li"), idxService): OtherKeyword.selectObjectBasedOnIndex is PASSED

2024-06-15 22:20:32 - [MESSAGE][PASSED] - OtherKeyword.selectObjectBasedOnIndex is PASSED

2024-06-15 22:20:32 - [TEST_STEP][PASSED] - click(findTestObject("Comet/btn containsText", ["txtBtn":"Search"])): Object: 'Object Repository/Comet/btn containsText' is clicked on

2024-06-15 22:20:33 - [MESSAGE][PASSED] - Object: 'Object Repository/Comet/btn containsText' is clicked on

2024-06-15 22:20:33 - [TEST_STEP][PASSED] - takeFullPageScreenshot(): Taking screenshot successfully

2024-06-15 22:20:33 - [MESSAGE][INFO] - 0 hidden object(s)

2024-06-15 22:20:34 - [MESSAGE][PASSED] - Taking screenshot successfully
[[ATTACHMENT|E:\\- FILE ELVIA\\Katalon\\PROJECT\\NewGenprio\\Reports\\20240615_222000\\XLCOnlineApproval Positivecase\\20240615_222000\\1718464833498.png]]]]></system-out>
         <system-err><![CDATA[]]></system-err>
      </testcase>
      <testcase name="Test Cases/MAIN/WebSupport/XLCApproval Searching" time="4.986" classname="Test Cases/MAIN/WebSupport/XLCApproval Searching" status="PASSED">
         <system-out><![CDATA[2024-06-15 22:20:34 - [TEST_CASE][PASSED] - Test Cases/MAIN/WebSupport/XLCApproval Searching: Test Cases/MAIN/WebSupport/XLCApproval Searching

2024-06-15 22:20:34 - [TEST_STEP][PASSED] - click(findTestObject("Comet/mainMenu", ["txt":"Customer Support"])): Object: 'Object Repository/Comet/mainMenu' is clicked on

2024-06-15 22:20:35 - [MESSAGE][PASSED] - Object: 'Object Repository/Comet/mainMenu' is clicked on

2024-06-15 22:20:35 - [TEST_STEP][PASSED] - click(findTestObject("Comet/mainMenu child", ["txtMenu":"Center Approval"])): Object: 'Object Repository/Comet/mainMenu child' is clicked on

2024-06-15 22:20:35 - [MESSAGE][PASSED] - Object: 'Object Repository/Comet/mainMenu child' is clicked on

2024-06-15 22:20:35 - [TEST_STEP][PASSED] - click(findTestObject("Comet/p-dropdown fcn", ["ddName":"serviceType"])): Object: 'Object Repository/Comet/p-dropdown fcn' is clicked on

2024-06-15 22:20:37 - [MESSAGE][PASSED] - Object: 'Object Repository/Comet/p-dropdown fcn' is clicked on

2024-06-15 22:20:37 - [TEST_STEP][PASSED] - OtherKeyword.selectObjectBasedOnIndex(findTestObject("Comet/p-dropdownitem li"), idxService): OtherKeyword.selectObjectBasedOnIndex is PASSED

2024-06-15 22:20:37 - [MESSAGE][PASSED] - OtherKeyword.selectObjectBasedOnIndex is PASSED

2024-06-15 22:20:37 - [TEST_STEP][PASSED] - click(findTestObject("Comet/btn containsText", ["txtBtn":"Search"])): Object: 'Object Repository/Comet/btn containsText' is clicked on

2024-06-15 22:20:38 - [MESSAGE][PASSED] - Object: 'Object Repository/Comet/btn containsText' is clicked on

2024-06-15 22:20:38 - [TEST_STEP][PASSED] - takeFullPageScreenshot(): Taking screenshot successfully

2024-06-15 22:20:39 - [MESSAGE][INFO] - 0 hidden object(s)

2024-06-15 22:20:39 - [MESSAGE][PASSED] - Taking screenshot successfully
[[ATTACHMENT|E:\\- FILE ELVIA\\Katalon\\PROJECT\\NewGenprio\\Reports\\20240615_222000\\XLCOnlineApproval Positivecase\\20240615_222000\\1718464838636.png]]]]></system-out>
         <system-err><![CDATA[]]></system-err>
      </testcase>
      <testcase name="Test Cases/MAIN/WebSupport/XLCApproval Searching" time="3.063" classname="Test Cases/MAIN/WebSupport/XLCApproval Searching" status="ERROR">
         <error type="ERROR" message="Test Cases/MAIN/WebSupport/XLCApproval Searching FAILED.
Reason:
java.lang.NullPointerException: Cannot invoke method click() on null object
	at OtherKeyword.selectObjectBasedOnIndex(OtherKeyword.groovy:34)
	at OtherKeyword.invokeMethod(OtherKeyword.groovy)
	at com.kms.katalon.core.main.CustomKeywordDelegatingMetaClass.invokeStaticMethod(CustomKeywordDelegatingMetaClass.java:55)
	at XLCApproval Searching.run(XLCApproval Searching:26)
	at com.kms.katalon.core.main.ScriptEngine.run(ScriptEngine.java:194)
	at com.kms.katalon.core.main.ScriptEngine.runScriptAsRawText(ScriptEngine.java:119)
	at com.kms.katalon.core.main.TestCaseExecutor.runScript(TestCaseExecutor.java:448)
	at com.kms.katalon.core.main.TestCaseExecutor.doExecute(TestCaseExecutor.java:439)
	at com.kms.katalon.core.main.TestCaseExecutor.processExecutionPhase(TestCaseExecutor.java:418)
	at com.kms.katalon.core.main.TestCaseExecutor.accessMainPhase(TestCaseExecutor.java:410)
	at com.kms.katalon.core.main.TestCaseExecutor.execute(TestCaseExecutor.java:285)
	at com.kms.katalon.core.main.TestCaseExecutor.execute(TestCaseExecutor.java:369)
	at com.kms.katalon.core.main.TestCaseExecutor.execute(TestCaseExecutor.java:369)
	at com.kms.katalon.core.main.TestCaseExecutor.execute(TestCaseExecutor.java:369)
	at com.kms.katalon.core.common.CommonExecutor.accessTestCaseMainPhase(CommonExecutor.java:65)
	at com.kms.katalon.core.main.TestSuiteExecutor.accessTestSuiteMainPhase(TestSuiteExecutor.java:148)
	at com.kms.katalon.core.main.TestSuiteExecutor.execute(TestSuiteExecutor.java:106)
	at com.kms.katalon.core.main.TestCaseMain.startTestSuite(TestCaseMain.java:187)
	at com.kms.katalon.core.main.TestCaseMain$startTestSuite$0.call(Unknown Source)
	at TempTestSuite1718464800985.run(TempTestSuite1718464800985.groovy:36)
"/>
         <system-out><![CDATA[2024-06-15 22:20:48 - [TEST_CASE][ERROR] - Test Cases/MAIN/WebSupport/XLCApproval Searching: Test Cases/MAIN/WebSupport/XLCApproval Searching FAILED.
Reason:
java.lang.NullPointerException: Cannot invoke method click() on null object
	at OtherKeyword.selectObjectBasedOnIndex(OtherKeyword.groovy:34)
	at OtherKeyword.invokeMethod(OtherKeyword.groovy)
	at com.kms.katalon.core.main.CustomKeywordDelegatingMetaClass.invokeStaticMethod(CustomKeywordDelegatingMetaClass.java:55)
	at XLCApproval Searching.run(XLCApproval Searching:26)
	at com.kms.katalon.core.main.ScriptEngine.run(ScriptEngine.java:194)
	at com.kms.katalon.core.main.ScriptEngine.runScriptAsRawText(ScriptEngine.java:119)
	at com.kms.katalon.core.main.TestCaseExecutor.runScript(TestCaseExecutor.java:448)
	at com.kms.katalon.core.main.TestCaseExecutor.doExecute(TestCaseExecutor.java:439)
	at com.kms.katalon.core.main.TestCaseExecutor.processExecutionPhase(TestCaseExecutor.java:418)
	at com.kms.katalon.core.main.TestCaseExecutor.accessMainPhase(TestCaseExecutor.java:410)
	at com.kms.katalon.core.main.TestCaseExecutor.execute(TestCaseExecutor.java:285)
	at com.kms.katalon.core.main.TestCaseExecutor.execute(TestCaseExecutor.java:369)
	at com.kms.katalon.core.main.TestCaseExecutor.execute(TestCaseExecutor.java:369)
	at com.kms.katalon.core.main.TestCaseExecutor.execute(TestCaseExecutor.java:369)
	at com.kms.katalon.core.common.CommonExecutor.accessTestCaseMainPhase(CommonExecutor.java:65)
	at com.kms.katalon.core.main.TestSuiteExecutor.accessTestSuiteMainPhase(TestSuiteExecutor.java:148)
	at com.kms.katalon.core.main.TestSuiteExecutor.execute(TestSuiteExecutor.java:106)
	at com.kms.katalon.core.main.TestCaseMain.startTestSuite(TestCaseMain.java:187)
	at com.kms.katalon.core.main.TestCaseMain$startTestSuite$0.call(Unknown Source)
	at TempTestSuite1718464800985.run(TempTestSuite1718464800985.groovy:36)


2024-06-15 22:20:48 - [TEST_STEP][PASSED] - click(findTestObject("Comet/mainMenu", ["txt":"Customer Support"])): Object: 'Object Repository/Comet/mainMenu' is clicked on

2024-06-15 22:20:48 - [MESSAGE][PASSED] - Object: 'Object Repository/Comet/mainMenu' is clicked on

2024-06-15 22:20:48 - [TEST_STEP][PASSED] - click(findTestObject("Comet/mainMenu child", ["txtMenu":"Center Approval"])): Object: 'Object Repository/Comet/mainMenu child' is clicked on

2024-06-15 22:20:49 - [MESSAGE][PASSED] - Object: 'Object Repository/Comet/mainMenu child' is clicked on

2024-06-15 22:20:49 - [TEST_STEP][PASSED] - click(findTestObject("Comet/p-dropdown fcn", ["ddName":"serviceType"])): Object: 'Object Repository/Comet/p-dropdown fcn' is clicked on

2024-06-15 22:20:50 - [MESSAGE][PASSED] - Object: 'Object Repository/Comet/p-dropdown fcn' is clicked on

2024-06-15 22:20:50 - [TEST_STEP][ERROR] - OtherKeyword.selectObjectBasedOnIndex(findTestObject("Comet/p-dropdownitem li"), idxService): Test Cases/MAIN/WebSupport/XLCApproval Searching FAILED.
Reason:
com.kms.katalon.core.exception.StepErrorException: java.lang.NullPointerException: Cannot invoke method click() on null object
	at com.kms.katalon.core.main.CustomKeywordDelegatingMetaClass.throwError(CustomKeywordDelegatingMetaClass.java:101)
	at com.kms.katalon.core.main.CustomKeywordDelegatingMetaClass.invokeStaticMethod(CustomKeywordDelegatingMetaClass.java:73)
	at XLCApproval Searching.run(XLCApproval Searching:26)
	at com.kms.katalon.core.main.ScriptEngine.run(ScriptEngine.java:194)
	at com.kms.katalon.core.main.ScriptEngine.runScriptAsRawText(ScriptEngine.java:119)
	at com.kms.katalon.core.main.TestCaseExecutor.runScript(TestCaseExecutor.java:448)
	at com.kms.katalon.core.main.TestCaseExecutor.doExecute(TestCaseExecutor.java:439)
	at com.kms.katalon.core.main.TestCaseExecutor.processExecutionPhase(TestCaseExecutor.java:418)
	at com.kms.katalon.core.main.TestCaseExecutor.accessMainPhase(TestCaseExecutor.java:410)
	at com.kms.katalon.core.main.TestCaseExecutor.execute(TestCaseExecutor.java:285)
	at com.kms.katalon.core.main.TestCaseExecutor.execute(TestCaseExecutor.java:369)
	at com.kms.katalon.core.main.TestCaseExecutor.execute(TestCaseExecutor.java:369)
	at com.kms.katalon.core.main.TestCaseExecutor.execute(TestCaseExecutor.java:369)
	at com.kms.katalon.core.common.CommonExecutor.accessTestCaseMainPhase(CommonExecutor.java:65)
	at com.kms.katalon.core.main.TestSuiteExecutor.accessTestSuiteMainPhase(TestSuiteExecutor.java:148)
	at com.kms.katalon.core.main.TestSuiteExecutor.execute(TestSuiteExecutor.java:106)
	at com.kms.katalon.core.main.TestCaseMain.startTestSuite(TestCaseMain.java:187)
	at com.kms.katalon.core.main.TestCaseMain$startTestSuite$0.call(Unknown Source)
	at TempTestSuite1718464800985.run(TempTestSuite1718464800985.groovy:36)
Caused by: java.lang.NullPointerException: Cannot invoke method click() on null object
	at OtherKeyword.selectObjectBasedOnIndex(OtherKeyword.groovy:34)
	at OtherKeyword.invokeMethod(OtherKeyword.groovy)
	at com.kms.katalon.core.main.CustomKeywordDelegatingMetaClass.invokeStaticMethod(CustomKeywordDelegatingMetaClass.java:55)
	... 17 more


2024-06-15 22:20:51 - [MESSAGE][ERROR] - Cannot invoke method click() on null object

2024-06-15 22:20:51 - [MESSAGE][ERROR] - Test Cases/MAIN/WebSupport/XLCApproval Searching FAILED.
Reason:
com.kms.katalon.core.exception.StepErrorException: java.lang.NullPointerException: Cannot invoke method click() on null object
	at com.kms.katalon.core.main.CustomKeywordDelegatingMetaClass.throwError(CustomKeywordDelegatingMetaClass.java:101)
	at com.kms.katalon.core.main.CustomKeywordDelegatingMetaClass.invokeStaticMethod(CustomKeywordDelegatingMetaClass.java:73)
	at XLCApproval Searching.run(XLCApproval Searching:26)
	at com.kms.katalon.core.main.ScriptEngine.run(ScriptEngine.java:194)
	at com.kms.katalon.core.main.ScriptEngine.runScriptAsRawText(ScriptEngine.java:119)
	at com.kms.katalon.core.main.TestCaseExecutor.runScript(TestCaseExecutor.java:448)
	at com.kms.katalon.core.main.TestCaseExecutor.doExecute(TestCaseExecutor.java:439)
	at com.kms.katalon.core.main.TestCaseExecutor.processExecutionPhase(TestCaseExecutor.java:418)
	at com.kms.katalon.core.main.TestCaseExecutor.accessMainPhase(TestCaseExecutor.java:410)
	at com.kms.katalon.core.main.TestCaseExecutor.execute(TestCaseExecutor.java:285)
	at com.kms.katalon.core.main.TestCaseExecutor.execute(TestCaseExecutor.java:369)
	at com.kms.katalon.core.main.TestCaseExecutor.execute(TestCaseExecutor.java:369)
	at com.kms.katalon.core.main.TestCaseExecutor.execute(TestCaseExecutor.java:369)
	at com.kms.katalon.core.common.CommonExecutor.accessTestCaseMainPhase(CommonExecutor.java:65)
	at com.kms.katalon.core.main.TestSuiteExecutor.accessTestSuiteMainPhase(TestSuiteExecutor.java:148)
	at com.kms.katalon.core.main.TestSuiteExecutor.execute(TestSuiteExecutor.java:106)
	at com.kms.katalon.core.main.TestCaseMain.startTestSuite(TestCaseMain.java:187)
	at com.kms.katalon.core.main.TestCaseMain$startTestSuite$0.call(Unknown Source)
	at TempTestSuite1718464800985.run(TempTestSuite1718464800985.groovy:36)
Caused by: java.lang.NullPointerException: Cannot invoke method click() on null object
	at OtherKeyword.selectObjectBasedOnIndex(OtherKeyword.groovy:34)
	at OtherKeyword.invokeMethod(OtherKeyword.groovy)
	at com.kms.katalon.core.main.CustomKeywordDelegatingMetaClass.invokeStaticMethod(CustomKeywordDelegatingMetaClass.java:55)
	... 17 more]]></system-out>
         <system-err><![CDATA[2024-06-15 22:20:48 - [TEST_CASE][ERROR] - Test Cases/MAIN/WebSupport/XLCApproval Searching: Test Cases/MAIN/WebSupport/XLCApproval Searching FAILED.
Reason:
java.lang.NullPointerException: Cannot invoke method click() on null object
	at OtherKeyword.selectObjectBasedOnIndex(OtherKeyword.groovy:34)
	at OtherKeyword.invokeMethod(OtherKeyword.groovy)
	at com.kms.katalon.core.main.CustomKeywordDelegatingMetaClass.invokeStaticMethod(CustomKeywordDelegatingMetaClass.java:55)
	at XLCApproval Searching.run(XLCApproval Searching:26)
	at com.kms.katalon.core.main.ScriptEngine.run(ScriptEngine.java:194)
	at com.kms.katalon.core.main.ScriptEngine.runScriptAsRawText(ScriptEngine.java:119)
	at com.kms.katalon.core.main.TestCaseExecutor.runScript(TestCaseExecutor.java:448)
	at com.kms.katalon.core.main.TestCaseExecutor.doExecute(TestCaseExecutor.java:439)
	at com.kms.katalon.core.main.TestCaseExecutor.processExecutionPhase(TestCaseExecutor.java:418)
	at com.kms.katalon.core.main.TestCaseExecutor.accessMainPhase(TestCaseExecutor.java:410)
	at com.kms.katalon.core.main.TestCaseExecutor.execute(TestCaseExecutor.java:285)
	at com.kms.katalon.core.main.TestCaseExecutor.execute(TestCaseExecutor.java:369)
	at com.kms.katalon.core.main.TestCaseExecutor.execute(TestCaseExecutor.java:369)
	at com.kms.katalon.core.main.TestCaseExecutor.execute(TestCaseExecutor.java:369)
	at com.kms.katalon.core.common.CommonExecutor.accessTestCaseMainPhase(CommonExecutor.java:65)
	at com.kms.katalon.core.main.TestSuiteExecutor.accessTestSuiteMainPhase(TestSuiteExecutor.java:148)
	at com.kms.katalon.core.main.TestSuiteExecutor.execute(TestSuiteExecutor.java:106)
	at com.kms.katalon.core.main.TestCaseMain.startTestSuite(TestCaseMain.java:187)
	at com.kms.katalon.core.main.TestCaseMain$startTestSuite$0.call(Unknown Source)
	at TempTestSuite1718464800985.run(TempTestSuite1718464800985.groovy:36)]]></system-err>
      </testcase>
      <system-out><![CDATA[2024-06-15 22:20:13 - [TEST_SUITE][ERROR] - XLCOnlineApproval Positivecase: Test Cases/MAIN/WebSupport/XLCApproval Searching FAILED.
Reason:
java.lang.NullPointerException: Cannot invoke method click() on null object
	at org.openqa.selenium.WebElement$click.call(Unknown Source)
	at OtherKeyword.selectObjectBasedOnIndex(OtherKeyword.groovy:34)
	at OtherKeyword.invokeMethod(OtherKeyword.groovy)
	at com.kms.katalon.core.main.CustomKeywordDelegatingMetaClass.invokeStaticMethod(CustomKeywordDelegatingMetaClass.java:55)
	at XLCApproval Searching.run(XLCApproval Searching:26)
	at com.kms.katalon.core.main.ScriptEngine.run(ScriptEngine.java:194)
	at com.kms.katalon.core.main.ScriptEngine.runScriptAsRawText(ScriptEngine.java:119)
	at com.kms.katalon.core.main.TestCaseExecutor.runScript(TestCaseExecutor.java:448)
	at com.kms.katalon.core.main.TestCaseExecutor.doExecute(TestCaseExecutor.java:439)
	at com.kms.katalon.core.main.TestCaseExecutor.processExecutionPhase(TestCaseExecutor.java:418)
	at com.kms.katalon.core.main.TestCaseExecutor.accessMainPhase(TestCaseExecutor.java:410)
	at com.kms.katalon.core.main.TestCaseExecutor.execute(TestCaseExecutor.java:285)
	at com.kms.katalon.core.common.CommonExecutor.accessTestCaseMainPhase(CommonExecutor.java:65)
	at com.kms.katalon.core.main.TestSuiteExecutor.accessTestSuiteMainPhase(TestSuiteExecutor.java:148)
	at com.kms.katalon.core.main.TestSuiteExecutor.execute(TestSuiteExecutor.java:106)
	at com.kms.katalon.core.main.TestCaseMain.startTestSuite(TestCaseMain.java:187)
	at com.kms.katalon.core.main.TestCaseMain$startTestSuite$0.call(Unknown Source)
	at TempTestSuite1718464800985.run(TempTestSuite1718464800985.groovy:36)]]></system-out>
      <system-err><![CDATA[2024-06-15 22:20:13 - [TEST_SUITE][ERROR] - XLCOnlineApproval Positivecase: Test Cases/MAIN/WebSupport/XLCApproval Searching FAILED.
Reason:
java.lang.NullPointerException: Cannot invoke method click() on null object
	at org.openqa.selenium.WebElement$click.call(Unknown Source)
	at OtherKeyword.selectObjectBasedOnIndex(OtherKeyword.groovy:34)
	at OtherKeyword.invokeMethod(OtherKeyword.groovy)
	at com.kms.katalon.core.main.CustomKeywordDelegatingMetaClass.invokeStaticMethod(CustomKeywordDelegatingMetaClass.java:55)
	at XLCApproval Searching.run(XLCApproval Searching:26)
	at com.kms.katalon.core.main.ScriptEngine.run(ScriptEngine.java:194)
	at com.kms.katalon.core.main.ScriptEngine.runScriptAsRawText(ScriptEngine.java:119)
	at com.kms.katalon.core.main.TestCaseExecutor.runScript(TestCaseExecutor.java:448)
	at com.kms.katalon.core.main.TestCaseExecutor.doExecute(TestCaseExecutor.java:439)
	at com.kms.katalon.core.main.TestCaseExecutor.processExecutionPhase(TestCaseExecutor.java:418)
	at com.kms.katalon.core.main.TestCaseExecutor.accessMainPhase(TestCaseExecutor.java:410)
	at com.kms.katalon.core.main.TestCaseExecutor.execute(TestCaseExecutor.java:285)
	at com.kms.katalon.core.common.CommonExecutor.accessTestCaseMainPhase(CommonExecutor.java:65)
	at com.kms.katalon.core.main.TestSuiteExecutor.accessTestSuiteMainPhase(TestSuiteExecutor.java:148)
	at com.kms.katalon.core.main.TestSuiteExecutor.execute(TestSuiteExecutor.java:106)
	at com.kms.katalon.core.main.TestCaseMain.startTestSuite(TestCaseMain.java:187)
	at com.kms.katalon.core.main.TestCaseMain$startTestSuite$0.call(Unknown Source)
	at TempTestSuite1718464800985.run(TempTestSuite1718464800985.groovy:36)]]></system-err>
   </testsuite>
</testsuites>
